{
  "stats": {
    "suites": 1,
    "tests": 1,
    "passes": 1,
    "pending": 0,
    "failures": 0,
    "start": "2024-04-16T18:34:52.186Z",
    "end": "2024-04-16T18:34:52.199Z",
    "duration": 13,
    "testsRegistered": 1,
    "passPercent": 100,
    "pendingPercent": 0,
    "other": 0,
    "hasOther": false,
    "skipped": 0,
    "hasSkipped": false
  },
  "results": [
    {
      "uuid": "34f3a828-eb85-40e1-8cc4-25de5bb625e7",
      "title": "",
      "fullFile": "C:\\Users\\WIN\\OneDrive\\Documentos\\Tecnicatura de Desarrollo y calidad de software\\3er año\\Testeo automatizado\\TP 1 function test mocha chai\\test.js",
      "file": "\\test.js",
      "beforeHooks": [],
      "afterHooks": [],
      "tests": [],
      "suites": [
        {
          "uuid": "96368914-04ea-4015-bfb1-a03d468fc209",
          "title": "Función sumar",
          "fullFile": "C:\\Users\\WIN\\OneDrive\\Documentos\\Tecnicatura de Desarrollo y calidad de software\\3er año\\Testeo automatizado\\TP 1 function test mocha chai\\test.js",
          "file": "\\test.js",
          "beforeHooks": [],
          "afterHooks": [],
          "tests": [
            {
              "title": "Debería sumar dos números correctamente",
              "fullTitle": "Función sumar Debería sumar dos números correctamente",
              "timedOut": false,
              "duration": 0,
              "state": "passed",
              "speed": "fast",
              "pass": true,
              "fail": false,
              "pending": false,
              "context": null,
              "code": "// Ejecuta la función que quieres probar\nconst resultado = sumar(2, 3);\n// Comprueba si el resultado es el esperado\nassert.equal(resultado, 5);",
              "err": {},
              "uuid": "201e51fd-9e76-4023-8aa4-c81003828fdd",
              "parentUUID": "96368914-04ea-4015-bfb1-a03d468fc209",
              "isHook": false,
              "skipped": false
            }
          ],
          "suites": [],
          "passes": [
            "201e51fd-9e76-4023-8aa4-c81003828fdd"
          ],
          "failures": [],
          "pending": [],
          "skipped": [],
          "duration": 0,
          "root": false,
          "rootEmpty": false,
          "_timeout": 2000
        }
      ],
      "passes": [],
      "failures": [],
      "pending": [],
      "skipped": [],
      "duration": 0,
      "root": true,
      "rootEmpty": true,
      "_timeout": 2000
    }
  ],
  "meta": {
    "mocha": {
      "version": "10.4.0"
    },
    "mochawesome": {
      "options": {
        "quiet": false,
        "reportFilename": "mochawesome",
        "saveHtml": true,
        "saveJson": true,
        "consoleReporter": "spec",
        "useInlineDiffs": false,
        "code": true
      },
      "version": "7.1.3"
    },
    "marge": {
      "options": null,
      "version": "6.2.0"
    }
  }
}